умерла жизнь вместе старою старухой
фатер аус берлин буль ошень
заемное письмо сто пятнадцать рублей
ходить взад вперед комнате
окончательно познаем друг друга
пробормотал раскольников едва слышным
преблагополучно прокатимся третьем классе
ходить взад вперед
красные пятна щеках
закрыл руками лицо
malborough sen va
фатер аус берлин
жить делать мерзости
вскричала пульхерия александровна
моему личному убеждению
катерина ивановна
петр петрович
пульхерия александровна
авдотья романовна
марфа петровна
софья семеновна
крайней мере
родион романыч
андрей семенович
порфирий петрович
дмитрий прокофьич
родион романович
раскольников
говорил
одно
человек
какие
соня
руки
разумихин
дело
ивановна
петрович
минуту
таки
стало
мог
видишь
слова
