5300 мужских 50 женских имен
концепция русского личного имени
числа активно используемых имен
второй половине xix века
словообразования производных форм имени
наиболее частотных женских имен
русских личных имен
мужских женских имен
уменьшительных ласкательных форм
краткая форма имени
краткие формы имен
русской православной церкви
краткая форма
xix века
xx века
октябрьской революции
х годов
сельские районы
личных имен
следует отметить
русском языке
второй половине
xviii века
имен
имени
русских
формы
века
языке
некоторые
годы
среди
новых
женских
мужских
распространение
церковных
число
