кометы детально описан астрономических главах
астрономических главах китайских династических историй
комета прошла 13 марта 1759
прохождения кометой галлея перигелия
описан астрономических главах китайских
галлея стала первой кометой
появления кометы галлея
комет галлеевского типа
описан астрономических главах
астрономических главах китайских
28 июля 2061
путь кометы небе
кометы галлея
звездной величины
появление кометы
представляла собой
прохождения перигелий
численное интегрирование
космических аппаратов
период обращения
русских летописях
невооруженным глазом
ши цзи
млн км
кометы
появления
наблюдения
год
орбиты
солнца
перигелий
наблюдалась
движения
расстоянии
хвост
земли
аппаратов
хрониках
прохождения
первой
