прослеживание заметных искажений священного писания
историческое прослеживание заметных искажений священного
the prophesies of daniel and
первый никейский собор 325
математических начал натуральной философии
пророчествах даниила апокалипсиса
upon the prophesies
be called one
точки зрения
афанасия великого
х годов
догмата троице
сэмюеля кларка
науки религии
iv веке
фрэнка мэньюэла
иисуса христа
novel language
никейского собора
ньютона
бога
ученого
века
религиозные
the
годов
церкви
рукописей
взгляды
одним
of
мнению
богословия
троице
отца
пророчествах
